<?xml version="1.0" encoding="UTF-8"?>
<!-- Generated by org.testng.reporters.JUnitReportReporter -->
<testsuite hostname="LAPTOP-2MBKLVQD" name="com.modules.test.TC01_Login" tests="1" failures="0" timestamp="4 Aug 2021 09:23:02 GMT" time="25.822" errors="0">
  <testcase name="login" time="25.822" classname="com.modules.test.TC01_Login"/>
</testsuite> <!-- com.modules.test.TC01_Login -->
