<?xml version="1.0" encoding="UTF-8"?>
<!-- Generated by org.testng.reporters.JUnitReportReporter -->
<testsuite hostname="LAPTOP-2MBKLVQD" name="com.modules.test.TC02_SearchFlightPosSc" tests="1" failures="0" timestamp="4 Aug 2021 09:31:55 GMT" time="29.170" errors="0">
  <testcase name="login" time="29.170" classname="com.modules.test.TC02_SearchFlightPosSc"/>
</testsuite> <!-- com.modules.test.TC02_SearchFlightPosSc -->
